<?xml version="1.0" encoding="UTF-8"?>
<coverage generated="1635976918">
  <project timestamp="1635976918">
    <file name="/Users/danielclarke/Sites/http-eloquent/src/ConfigProviders/ConfigProvider.php">
      <class name="HttpEloquent\ConfigProviders\ConfigProvider" namespace="global">
        <metrics complexity="1" methods="1" coveredmethods="0" conditionals="0" coveredconditionals="0" statements="1" coveredstatements="0" elements="2" coveredelements="0"/>
      </class>
      <line num="9" type="method" name="getConfig" visibility="public" complexity="1" crap="2" count="0"/>
      <line num="15" type="stmt" count="0"/>
      <line num="17" type="stmt" count="0"/>
      <metrics loc="16" ncloc="16" classes="1" methods="1" coveredmethods="0" conditionals="0" coveredconditionals="0" statements="1" coveredstatements="0" elements="2" coveredelements="0"/>
    </file>
    <file name="/Users/danielclarke/Sites/http-eloquent/src/GenericModel.php">
      <class name="HttpEloquent\GenericModel" namespace="global">
        <metrics complexity="2" methods="2" coveredmethods="2" conditionals="0" coveredconditionals="0" statements="3" coveredstatements="3" elements="5" coveredelements="5"/>
      </class>
      <line num="12" type="method" name="__construct" visibility="public" complexity="1" crap="1" count="9"/>
      <line num="14" type="stmt" count="9"/>
      <line num="15" type="stmt" count="9"/>
      <line num="17" type="method" name="__get" visibility="public" complexity="1" crap="1" count="9"/>
      <line num="19" type="stmt" count="9"/>
      <line num="21" type="stmt" count="1"/>
      <metrics loc="20" ncloc="17" classes="1" methods="2" coveredmethods="2" conditionals="0" coveredconditionals="0" statements="3" coveredstatements="3" elements="5" coveredelements="5"/>
    </file>
    <file name="/Users/danielclarke/Sites/http-eloquent/src/HttpClients/HttpClient.php">
      <class name="HttpEloquent\HttpClients\HttpClient" namespace="global">
        <metrics complexity="4" methods="4" coveredmethods="0" conditionals="0" coveredconditionals="0" statements="7" coveredstatements="0" elements="11" coveredelements="0"/>
      </class>
      <line num="13" type="method" name="get" visibility="public" complexity="1" crap="2" count="0"/>
      <line num="15" type="stmt" count="0"/>
      <line num="16" type="stmt" count="0"/>
      <line num="20" type="method" name="post" visibility="public" complexity="1" crap="2" count="0"/>
      <line num="22" type="stmt" count="0"/>
      <line num="23" type="stmt" count="0"/>
      <line num="27" type="method" name="patch" visibility="public" complexity="1" crap="2" count="0"/>
      <line num="29" type="stmt" count="0"/>
      <line num="30" type="stmt" count="0"/>
      <line num="34" type="method" name="delete" visibility="public" complexity="1" crap="2" count="0"/>
      <line num="36" type="stmt" count="0"/>
      <line num="38" type="stmt" count="0"/>
      <metrics loc="37" ncloc="37" classes="1" methods="4" coveredmethods="0" conditionals="0" coveredconditionals="0" statements="7" coveredstatements="0" elements="11" coveredelements="0"/>
    </file>
    <file name="/Users/danielclarke/Sites/http-eloquent/src/Interfaces/ConfigProvider.php">
      <line num="8" type="stmt" count="1"/>
      <metrics loc="7" ncloc="7" classes="0" methods="0" coveredmethods="0" conditionals="0" coveredconditionals="0" statements="0" coveredstatements="0" elements="0" coveredelements="0"/>
    </file>
    <file name="/Users/danielclarke/Sites/http-eloquent/src/Interfaces/HttpClient.php">
      <line num="16" type="stmt" count="1"/>
      <metrics loc="15" ncloc="15" classes="0" methods="0" coveredmethods="0" conditionals="0" coveredconditionals="0" statements="0" coveredstatements="0" elements="0" coveredelements="0"/>
    </file>
    <file name="/Users/danielclarke/Sites/http-eloquent/src/Interfaces/Service.php">
      <line num="35" type="stmt" count="1"/>
      <metrics loc="34" ncloc="34" classes="0" methods="0" coveredmethods="0" conditionals="0" coveredconditionals="0" statements="0" coveredstatements="0" elements="0" coveredelements="0"/>
    </file>
    <file name="/Users/danielclarke/Sites/http-eloquent/src/Interfaces/ServiceFactory.php">
      <line num="15" type="stmt" count="1"/>
      <metrics loc="14" ncloc="14" classes="0" methods="0" coveredmethods="0" conditionals="0" coveredconditionals="0" statements="0" coveredstatements="0" elements="0" coveredelements="0"/>
    </file>
    <file name="/Users/danielclarke/Sites/http-eloquent/src/Service.php">
      <class name="HttpEloquent\Service" namespace="global">
        <metrics complexity="34" methods="27" coveredmethods="27" conditionals="0" coveredconditionals="0" statements="77" coveredstatements="77" elements="104" coveredelements="104"/>
      </class>
      <line num="60" type="method" name="__construct" visibility="public" complexity="1" crap="1" count="15"/>
      <line num="62" type="stmt" count="15"/>
      <line num="63" type="stmt" count="15"/>
      <line num="64" type="stmt" count="15"/>
      <line num="65" type="stmt" count="15"/>
      <line num="66" type="stmt" count="15"/>
      <line num="67" type="stmt" count="15"/>
      <line num="69" type="method" name="getClient" visibility="public" complexity="1" crap="1" count="8"/>
      <line num="71" type="stmt" count="8"/>
      <line num="74" type="method" name="one" visibility="public" complexity="2" crap="2" count="1"/>
      <line num="76" type="stmt" count="1"/>
      <line num="78" type="stmt" count="1"/>
      <line num="79" type="stmt" count="1"/>
      <line num="80" type="stmt" count="1"/>
      <line num="83" type="stmt" count="1"/>
      <line num="86" type="method" name="many" visibility="public" complexity="2" crap="2" count="1"/>
      <line num="88" type="stmt" count="1"/>
      <line num="90" type="stmt" count="1"/>
      <line num="91" type="stmt" count="1"/>
      <line num="92" type="stmt" count="1"/>
      <line num="95" type="stmt" count="1"/>
      <line num="98" type="method" name="page" visibility="public" complexity="1" crap="1" count="1"/>
      <line num="100" type="stmt" count="1"/>
      <line num="103" type="method" name="perPage" visibility="public" complexity="1" crap="1" count="1"/>
      <line num="105" type="stmt" count="1"/>
      <line num="108" type="method" name="resolve" visibility="protected" complexity="2" crap="2" count="8"/>
      <line num="110" type="stmt" count="8"/>
      <line num="112" type="stmt" count="8"/>
      <line num="113" type="stmt" count="3"/>
      <line num="114" type="stmt" count="3"/>
      <line num="115" type="stmt" count="3"/>
      <line num="117" type="stmt" count="5"/>
      <line num="121" type="method" name="first" visibility="public" complexity="2" crap="2" count="1"/>
      <line num="123" type="stmt" count="1"/>
      <line num="125" type="stmt" count="1"/>
      <line num="126" type="stmt" count="1"/>
      <line num="127" type="stmt" count="1"/>
      <line num="128" type="stmt" count="1"/>
      <line num="129" type="stmt" count="1"/>
      <line num="133" type="stmt" count="1"/>
      <line num="136" type="method" name="get" visibility="public" complexity="1" crap="1" count="4"/>
      <line num="138" type="stmt" count="4"/>
      <line num="139" type="stmt" count="4"/>
      <line num="140" type="stmt" count="4"/>
      <line num="141" type="stmt" count="4"/>
      <line num="146" type="method" name="create" visibility="public" complexity="1" crap="1" count="1"/>
      <line num="148" type="stmt" count="1"/>
      <line num="150" type="stmt" count="1"/>
      <line num="151" type="stmt" count="1"/>
      <line num="155" type="method" name="update" visibility="public" complexity="1" crap="1" count="1"/>
      <line num="157" type="stmt" count="1"/>
      <line num="159" type="stmt" count="1"/>
      <line num="160" type="stmt" count="1"/>
      <line num="164" type="method" name="delete" visibility="public" complexity="1" crap="1" count="1"/>
      <line num="166" type="stmt" count="1"/>
      <line num="168" type="stmt" count="1"/>
      <line num="169" type="stmt" count="1"/>
      <line num="173" type="method" name="find" visibility="public" complexity="1" crap="1" count="1"/>
      <line num="175" type="stmt" count="1"/>
      <line num="177" type="stmt" count="1"/>
      <line num="179" type="stmt" count="1"/>
      <line num="181" type="stmt" count="1"/>
      <line num="184" type="method" name="where" visibility="public" complexity="1" crap="1" count="1"/>
      <line num="186" type="stmt" count="1"/>
      <line num="188" type="stmt" count="1"/>
      <line num="191" type="method" name="getUrl" visibility="public" complexity="1" crap="1" count="9"/>
      <line num="193" type="stmt" count="9"/>
      <line num="194" type="stmt" count="9"/>
      <line num="195" type="stmt" count="9"/>
      <line num="202" type="method" name="getPlural" visibility="public" complexity="1" crap="1" count="10"/>
      <line num="204" type="stmt" count="10"/>
      <line num="210" type="method" name="setPlural" visibility="public" complexity="1" crap="1" count="10"/>
      <line num="212" type="stmt" count="10"/>
      <line num="214" type="stmt" count="10"/>
      <line num="220" type="method" name="getImmutableResolveTo" visibility="public" complexity="1" crap="1" count="10"/>
      <line num="222" type="stmt" count="10"/>
      <line num="228" type="method" name="setImmutableResolveTo" visibility="public" complexity="1" crap="1" count="2"/>
      <line num="230" type="stmt" count="2"/>
      <line num="232" type="stmt" count="2"/>
      <line num="238" type="method" name="getResolveTo" visibility="public" complexity="1" crap="1" count="11"/>
      <line num="240" type="stmt" count="11"/>
      <line num="246" type="method" name="setResolveTo" visibility="public" complexity="1" crap="1" count="10"/>
      <line num="248" type="stmt" count="10"/>
      <line num="250" type="stmt" count="10"/>
      <line num="256" type="method" name="getModelMap" visibility="public" complexity="1" crap="1" count="8"/>
      <line num="258" type="stmt" count="8"/>
      <line num="264" type="method" name="getQuery" visibility="public" complexity="1" crap="1" count="6"/>
      <line num="266" type="stmt" count="6"/>
      <line num="272" type="method" name="getPath" visibility="public" complexity="1" crap="1" count="10"/>
      <line num="274" type="stmt" count="10"/>
      <line num="280" type="method" name="getBaseUrl" visibility="public" complexity="1" crap="1" count="9"/>
      <line num="282" type="stmt" count="9"/>
      <line num="285" type="method" name="__get" visibility="public" complexity="1" crap="1" count="1"/>
      <line num="287" type="stmt" count="1"/>
      <line num="290" type="method" name="__call" visibility="public" complexity="4" crap="4" count="8"/>
      <line num="292" type="stmt" count="8"/>
      <line num="293" type="stmt" count="3"/>
      <line num="295" type="stmt" count="5"/>
      <line num="297" type="stmt" count="5"/>
      <line num="300" type="stmt" count="8"/>
      <line num="301" type="stmt" count="8"/>
      <line num="302" type="stmt" count="7"/>
      <line num="304" type="stmt" count="1"/>
      <line num="308" type="stmt" count="8"/>
      <metrics loc="310" ncloc="256" classes="1" methods="27" coveredmethods="27" conditionals="0" coveredconditionals="0" statements="77" coveredstatements="77" elements="104" coveredelements="104"/>
    </file>
    <file name="/Users/danielclarke/Sites/http-eloquent/src/ServiceFactory.php">
      <class name="HttpEloquent\ServiceFactory" namespace="global">
        <metrics complexity="5" methods="5" coveredmethods="5" conditionals="0" coveredconditionals="0" statements="15" coveredstatements="15" elements="20" coveredelements="20"/>
      </class>
      <line num="25" type="method" name="__construct" visibility="public" complexity="1" crap="1" count="3"/>
      <line num="27" type="stmt" count="3"/>
      <line num="28" type="stmt" count="3"/>
      <line num="29" type="stmt" count="3"/>
      <line num="31" type="method" name="make" visibility="public" complexity="1" crap="1" count="2"/>
      <line num="33" type="stmt" count="2"/>
      <line num="34" type="stmt" count="2"/>
      <line num="37" type="stmt" count="2"/>
      <line num="38" type="stmt" count="2"/>
      <line num="39" type="stmt" count="2"/>
      <line num="40" type="stmt" count="2"/>
      <line num="42" type="stmt" count="2"/>
      <line num="43" type="stmt" count="2"/>
      <line num="46" type="stmt" count="2"/>
      <line num="50" type="method" name="getClient" visibility="public" complexity="1" crap="1" count="2"/>
      <line num="52" type="stmt" count="2"/>
      <line num="55" type="method" name="getConfigProvider" visibility="public" complexity="1" crap="1" count="1"/>
      <line num="57" type="stmt" count="1"/>
      <line num="60" type="method" name="__call" visibility="public" complexity="1" crap="1" count="1"/>
      <line num="62" type="stmt" count="1"/>
      <metrics loc="64" ncloc="58" classes="1" methods="5" coveredmethods="5" conditionals="0" coveredconditionals="0" statements="15" coveredstatements="15" elements="20" coveredelements="20"/>
    </file>
    <file name="/Users/danielclarke/Sites/http-eloquent/src/Types/BaseUrl.php">
      <class name="HttpEloquent\Types\BaseUrl" namespace="global">
        <metrics complexity="2" methods="2" coveredmethods="2" conditionals="0" coveredconditionals="0" statements="3" coveredstatements="3" elements="5" coveredelements="5"/>
      </class>
      <line num="12" type="method" name="__construct" visibility="public" complexity="1" crap="1" count="16"/>
      <line num="14" type="stmt" count="16"/>
      <line num="15" type="stmt" count="16"/>
      <line num="17" type="method" name="__toString" visibility="public" complexity="1" crap="1" count="10"/>
      <line num="19" type="stmt" count="10"/>
      <line num="21" type="stmt" count="1"/>
      <metrics loc="20" ncloc="17" classes="1" methods="2" coveredmethods="2" conditionals="0" coveredconditionals="0" statements="3" coveredstatements="3" elements="5" coveredelements="5"/>
    </file>
    <file name="/Users/danielclarke/Sites/http-eloquent/src/Types/ModelMap.php">
      <class name="HttpEloquent\Types\ModelMap" namespace="global">
        <metrics complexity="3" methods="3" coveredmethods="3" conditionals="0" coveredconditionals="0" statements="4" coveredstatements="4" elements="7" coveredelements="7"/>
      </class>
      <line num="12" type="method" name="__construct" visibility="public" complexity="1" crap="1" count="17"/>
      <line num="14" type="stmt" count="17"/>
      <line num="15" type="stmt" count="17"/>
      <line num="17" type="method" name="get" visibility="public" complexity="1" crap="1" count="8"/>
      <line num="19" type="stmt" count="8"/>
      <line num="22" type="method" name="has" visibility="public" complexity="1" crap="1" count="9"/>
      <line num="24" type="stmt" count="9"/>
      <line num="26" type="stmt" count="1"/>
      <metrics loc="25" ncloc="22" classes="1" methods="3" coveredmethods="3" conditionals="0" coveredconditionals="0" statements="4" coveredstatements="4" elements="7" coveredelements="7"/>
    </file>
    <file name="/Users/danielclarke/Sites/http-eloquent/src/Types/Path.php">
      <class name="HttpEloquent\Types\Path" namespace="global">
        <metrics complexity="4" methods="3" coveredmethods="3" conditionals="0" coveredconditionals="0" statements="7" coveredstatements="7" elements="10" coveredelements="10"/>
      </class>
      <line num="12" type="method" name="addPart" visibility="public" complexity="1" crap="1" count="10"/>
      <line num="14" type="stmt" count="10"/>
      <line num="16" type="stmt" count="10"/>
      <line num="19" type="method" name="__call" visibility="public" complexity="2" crap="2" count="9"/>
      <line num="21" type="stmt" count="9"/>
      <line num="23" type="stmt" count="9"/>
      <line num="24" type="stmt" count="4"/>
      <line num="27" type="stmt" count="9"/>
      <line num="30" type="method" name="__toString" visibility="public" complexity="1" crap="1" count="11"/>
      <line num="32" type="stmt" count="11"/>
      <line num="34" type="stmt" count="1"/>
      <metrics loc="33" ncloc="30" classes="1" methods="3" coveredmethods="3" conditionals="0" coveredconditionals="0" statements="7" coveredstatements="7" elements="10" coveredelements="10"/>
    </file>
    <file name="/Users/danielclarke/Sites/http-eloquent/src/Types/Query.php">
      <class name="HttpEloquent\Types\Query" namespace="global">
        <metrics complexity="3" methods="3" coveredmethods="3" conditionals="0" coveredconditionals="0" statements="4" coveredstatements="4" elements="7" coveredelements="7"/>
      </class>
      <line num="12" type="method" name="where" visibility="public" complexity="1" crap="1" count="3"/>
      <line num="14" type="stmt" count="3"/>
      <line num="16" type="stmt" count="3"/>
      <line num="19" type="method" name="toArray" visibility="public" complexity="1" crap="1" count="6"/>
      <line num="21" type="stmt" count="6"/>
      <line num="24" type="method" name="__toString" visibility="public" complexity="1" crap="1" count="2"/>
      <line num="26" type="stmt" count="2"/>
      <line num="28" type="stmt" count="1"/>
      <metrics loc="27" ncloc="24" classes="1" methods="3" coveredmethods="3" conditionals="0" coveredconditionals="0" statements="4" coveredstatements="4" elements="7" coveredelements="7"/>
    </file>
    <file name="/Users/danielclarke/Sites/http-eloquent/src/Types/ServiceConfig.php">
      <class name="HttpEloquent\Types\ServiceConfig" namespace="global">
        <metrics complexity="3" methods="3" coveredmethods="3" conditionals="0" coveredconditionals="0" statements="5" coveredstatements="5" elements="8" coveredelements="8"/>
      </class>
      <line num="19" type="method" name="__construct" visibility="public" complexity="1" crap="1" count="15"/>
      <line num="23" type="stmt" count="15"/>
      <line num="24" type="stmt" count="15"/>
      <line num="25" type="stmt" count="15"/>
      <line num="27" type="method" name="getBaseUrl" visibility="public" complexity="1" crap="1" count="15"/>
      <line num="29" type="stmt" count="15"/>
      <line num="32" type="method" name="getModelMap" visibility="public" complexity="1" crap="1" count="15"/>
      <line num="34" type="stmt" count="15"/>
      <metrics loc="36" ncloc="30" classes="1" methods="3" coveredmethods="3" conditionals="0" coveredconditionals="0" statements="5" coveredstatements="5" elements="8" coveredelements="8"/>
    </file>
    <metrics files="14" loc="658" ncloc="577" classes="10" methods="53" coveredmethods="48" conditionals="0" coveredconditionals="0" statements="126" coveredstatements="118" elements="179" coveredelements="166"/>
  </project>
</coverage>
