<?xml version="1.0" encoding="UTF-8"?>
<coverage generated="1635974749">
  <project timestamp="1635974749">
    <file name="/Users/danielclarke/Sites/http-eloquent/src/GenericModel.php">
      <class name="LaravelHttpEloquent\GenericModel" namespace="global">
        <metrics complexity="2" methods="2" coveredmethods="2" conditionals="0" coveredconditionals="0" statements="3" coveredstatements="3" elements="5" coveredelements="5"/>
      </class>
      <line num="12" type="method" name="__construct" visibility="public" complexity="1" crap="1" count="9"/>
      <line num="14" type="stmt" count="9"/>
      <line num="15" type="stmt" count="9"/>
      <line num="17" type="method" name="__get" visibility="public" complexity="1" crap="1" count="9"/>
      <line num="19" type="stmt" count="9"/>
      <line num="21" type="stmt" count="1"/>
      <metrics loc="20" ncloc="17" classes="1" methods="2" coveredmethods="2" conditionals="0" coveredconditionals="0" statements="3" coveredstatements="3" elements="5" coveredelements="5"/>
    </file>
    <file name="/Users/danielclarke/Sites/http-eloquent/src/Interfaces/ConfigProvider.php">
      <line num="8" type="stmt" count="1"/>
      <metrics loc="7" ncloc="7" classes="0" methods="0" coveredmethods="0" conditionals="0" coveredconditionals="0" statements="0" coveredstatements="0" elements="0" coveredelements="0"/>
    </file>
    <file name="/Users/danielclarke/Sites/http-eloquent/src/Interfaces/HttpClient.php">
      <line num="16" type="stmt" count="1"/>
      <metrics loc="15" ncloc="15" classes="0" methods="0" coveredmethods="0" conditionals="0" coveredconditionals="0" statements="0" coveredstatements="0" elements="0" coveredelements="0"/>
    </file>
    <file name="/Users/danielclarke/Sites/http-eloquent/src/Interfaces/Service.php">
      <line num="35" type="stmt" count="1"/>
      <metrics loc="34" ncloc="34" classes="0" methods="0" coveredmethods="0" conditionals="0" coveredconditionals="0" statements="0" coveredstatements="0" elements="0" coveredelements="0"/>
    </file>
    <file name="/Users/danielclarke/Sites/http-eloquent/src/Interfaces/ServiceFactory.php">
      <line num="15" type="stmt" count="1"/>
      <metrics loc="14" ncloc="14" classes="0" methods="0" coveredmethods="0" conditionals="0" coveredconditionals="0" statements="0" coveredstatements="0" elements="0" coveredelements="0"/>
    </file>
    <file name="/Users/danielclarke/Sites/http-eloquent/src/Service.php">
      <class name="LaravelHttpEloquent\Service" namespace="global">
        <metrics complexity="33" methods="27" coveredmethods="27" conditionals="0" coveredconditionals="0" statements="78" coveredstatements="78" elements="105" coveredelements="105"/>
      </class>
      <line num="58" type="method" name="__construct" visibility="public" complexity="1" crap="1" count="15"/>
      <line num="60" type="stmt" count="15"/>
      <line num="61" type="stmt" count="15"/>
      <line num="62" type="stmt" count="15"/>
      <line num="63" type="stmt" count="15"/>
      <line num="64" type="stmt" count="15"/>
      <line num="65" type="stmt" count="15"/>
      <line num="67" type="method" name="getClient" visibility="public" complexity="1" crap="1" count="8"/>
      <line num="69" type="stmt" count="8"/>
      <line num="72" type="method" name="one" visibility="public" complexity="2" crap="2" count="1"/>
      <line num="74" type="stmt" count="1"/>
      <line num="76" type="stmt" count="1"/>
      <line num="77" type="stmt" count="1"/>
      <line num="78" type="stmt" count="1"/>
      <line num="81" type="stmt" count="1"/>
      <line num="84" type="method" name="many" visibility="public" complexity="2" crap="2" count="1"/>
      <line num="86" type="stmt" count="1"/>
      <line num="88" type="stmt" count="1"/>
      <line num="89" type="stmt" count="1"/>
      <line num="90" type="stmt" count="1"/>
      <line num="93" type="stmt" count="1"/>
      <line num="96" type="method" name="page" visibility="public" complexity="1" crap="1" count="1"/>
      <line num="98" type="stmt" count="1"/>
      <line num="101" type="method" name="perPage" visibility="public" complexity="1" crap="1" count="1"/>
      <line num="103" type="stmt" count="1"/>
      <line num="106" type="method" name="resolve" visibility="protected" complexity="2" crap="2" count="8"/>
      <line num="108" type="stmt" count="8"/>
      <line num="110" type="stmt" count="8"/>
      <line num="111" type="stmt" count="3"/>
      <line num="112" type="stmt" count="3"/>
      <line num="113" type="stmt" count="3"/>
      <line num="114" type="stmt" count="3"/>
      <line num="116" type="stmt" count="5"/>
      <line num="120" type="method" name="first" visibility="public" complexity="1" crap="1" count="1"/>
      <line num="122" type="stmt" count="1"/>
      <line num="124" type="stmt" count="1"/>
      <line num="125" type="stmt" count="1"/>
      <line num="126" type="stmt" count="1"/>
      <line num="127" type="stmt" count="1"/>
      <line num="128" type="stmt" count="1"/>
      <line num="130" type="stmt" count="1"/>
      <line num="133" type="method" name="get" visibility="public" complexity="1" crap="1" count="4"/>
      <line num="135" type="stmt" count="4"/>
      <line num="136" type="stmt" count="4"/>
      <line num="137" type="stmt" count="4"/>
      <line num="138" type="stmt" count="4"/>
      <line num="143" type="method" name="create" visibility="public" complexity="1" crap="1" count="1"/>
      <line num="145" type="stmt" count="1"/>
      <line num="147" type="stmt" count="1"/>
      <line num="148" type="stmt" count="1"/>
      <line num="152" type="method" name="update" visibility="public" complexity="1" crap="1" count="1"/>
      <line num="154" type="stmt" count="1"/>
      <line num="156" type="stmt" count="1"/>
      <line num="157" type="stmt" count="1"/>
      <line num="161" type="method" name="delete" visibility="public" complexity="1" crap="1" count="1"/>
      <line num="163" type="stmt" count="1"/>
      <line num="165" type="stmt" count="1"/>
      <line num="166" type="stmt" count="1"/>
      <line num="170" type="method" name="find" visibility="public" complexity="1" crap="1" count="1"/>
      <line num="172" type="stmt" count="1"/>
      <line num="174" type="stmt" count="1"/>
      <line num="176" type="stmt" count="1"/>
      <line num="178" type="stmt" count="1"/>
      <line num="181" type="method" name="where" visibility="public" complexity="1" crap="1" count="1"/>
      <line num="183" type="stmt" count="1"/>
      <line num="185" type="stmt" count="1"/>
      <line num="188" type="method" name="getUrl" visibility="public" complexity="1" crap="1" count="9"/>
      <line num="190" type="stmt" count="9"/>
      <line num="191" type="stmt" count="9"/>
      <line num="192" type="stmt" count="9"/>
      <line num="199" type="method" name="getPlural" visibility="public" complexity="1" crap="1" count="10"/>
      <line num="201" type="stmt" count="10"/>
      <line num="207" type="method" name="setPlural" visibility="public" complexity="1" crap="1" count="10"/>
      <line num="209" type="stmt" count="10"/>
      <line num="211" type="stmt" count="10"/>
      <line num="217" type="method" name="getImmutableResolveTo" visibility="public" complexity="1" crap="1" count="10"/>
      <line num="219" type="stmt" count="10"/>
      <line num="225" type="method" name="setImmutableResolveTo" visibility="public" complexity="1" crap="1" count="2"/>
      <line num="227" type="stmt" count="2"/>
      <line num="229" type="stmt" count="2"/>
      <line num="235" type="method" name="getResolveTo" visibility="public" complexity="1" crap="1" count="11"/>
      <line num="237" type="stmt" count="11"/>
      <line num="243" type="method" name="setResolveTo" visibility="public" complexity="1" crap="1" count="10"/>
      <line num="245" type="stmt" count="10"/>
      <line num="247" type="stmt" count="10"/>
      <line num="253" type="method" name="getModelMap" visibility="public" complexity="1" crap="1" count="8"/>
      <line num="255" type="stmt" count="8"/>
      <line num="261" type="method" name="getQuery" visibility="public" complexity="1" crap="1" count="6"/>
      <line num="263" type="stmt" count="6"/>
      <line num="269" type="method" name="getPath" visibility="public" complexity="1" crap="1" count="10"/>
      <line num="271" type="stmt" count="10"/>
      <line num="277" type="method" name="getBaseUrl" visibility="public" complexity="1" crap="1" count="9"/>
      <line num="279" type="stmt" count="9"/>
      <line num="282" type="method" name="__get" visibility="public" complexity="1" crap="1" count="1"/>
      <line num="284" type="stmt" count="1"/>
      <line num="287" type="method" name="__call" visibility="public" complexity="4" crap="4" count="8"/>
      <line num="289" type="stmt" count="8"/>
      <line num="290" type="stmt" count="3"/>
      <line num="292" type="stmt" count="5"/>
      <line num="294" type="stmt" count="5"/>
      <line num="297" type="stmt" count="8"/>
      <line num="298" type="stmt" count="8"/>
      <line num="299" type="stmt" count="7"/>
      <line num="301" type="stmt" count="1"/>
      <line num="305" type="stmt" count="8"/>
      <metrics loc="307" ncloc="253" classes="1" methods="27" coveredmethods="27" conditionals="0" coveredconditionals="0" statements="78" coveredstatements="78" elements="105" coveredelements="105"/>
    </file>
    <file name="/Users/danielclarke/Sites/http-eloquent/src/ServiceFactory.php">
      <class name="LaravelHttpEloquent\ServiceFactory" namespace="global">
        <metrics complexity="5" methods="5" coveredmethods="5" conditionals="0" coveredconditionals="0" statements="15" coveredstatements="15" elements="20" coveredelements="20"/>
      </class>
      <line num="25" type="method" name="__construct" visibility="public" complexity="1" crap="1" count="3"/>
      <line num="27" type="stmt" count="3"/>
      <line num="28" type="stmt" count="3"/>
      <line num="29" type="stmt" count="3"/>
      <line num="31" type="method" name="make" visibility="public" complexity="1" crap="1" count="2"/>
      <line num="33" type="stmt" count="2"/>
      <line num="34" type="stmt" count="2"/>
      <line num="37" type="stmt" count="2"/>
      <line num="38" type="stmt" count="2"/>
      <line num="39" type="stmt" count="2"/>
      <line num="40" type="stmt" count="2"/>
      <line num="42" type="stmt" count="2"/>
      <line num="43" type="stmt" count="2"/>
      <line num="46" type="stmt" count="2"/>
      <line num="50" type="method" name="getClient" visibility="public" complexity="1" crap="1" count="2"/>
      <line num="52" type="stmt" count="2"/>
      <line num="55" type="method" name="getConfigProvider" visibility="public" complexity="1" crap="1" count="1"/>
      <line num="57" type="stmt" count="1"/>
      <line num="60" type="method" name="__call" visibility="public" complexity="1" crap="1" count="1"/>
      <line num="62" type="stmt" count="1"/>
      <metrics loc="64" ncloc="58" classes="1" methods="5" coveredmethods="5" conditionals="0" coveredconditionals="0" statements="15" coveredstatements="15" elements="20" coveredelements="20"/>
    </file>
    <file name="/Users/danielclarke/Sites/http-eloquent/src/Types/BaseUrl.php">
      <class name="LaravelHttpEloquent\Types\BaseUrl" namespace="global">
        <metrics complexity="2" methods="2" coveredmethods="2" conditionals="0" coveredconditionals="0" statements="3" coveredstatements="3" elements="5" coveredelements="5"/>
      </class>
      <line num="12" type="method" name="__construct" visibility="public" complexity="1" crap="1" count="16"/>
      <line num="14" type="stmt" count="16"/>
      <line num="15" type="stmt" count="16"/>
      <line num="17" type="method" name="__toString" visibility="public" complexity="1" crap="1" count="10"/>
      <line num="19" type="stmt" count="10"/>
      <line num="21" type="stmt" count="1"/>
      <metrics loc="20" ncloc="17" classes="1" methods="2" coveredmethods="2" conditionals="0" coveredconditionals="0" statements="3" coveredstatements="3" elements="5" coveredelements="5"/>
    </file>
    <file name="/Users/danielclarke/Sites/http-eloquent/src/Types/ModelMap.php">
      <class name="LaravelHttpEloquent\Types\ModelMap" namespace="global">
        <metrics complexity="3" methods="3" coveredmethods="3" conditionals="0" coveredconditionals="0" statements="4" coveredstatements="4" elements="7" coveredelements="7"/>
      </class>
      <line num="12" type="method" name="__construct" visibility="public" complexity="1" crap="1" count="17"/>
      <line num="14" type="stmt" count="17"/>
      <line num="15" type="stmt" count="17"/>
      <line num="17" type="method" name="get" visibility="public" complexity="1" crap="1" count="8"/>
      <line num="19" type="stmt" count="8"/>
      <line num="22" type="method" name="has" visibility="public" complexity="1" crap="1" count="9"/>
      <line num="24" type="stmt" count="9"/>
      <line num="26" type="stmt" count="1"/>
      <metrics loc="25" ncloc="22" classes="1" methods="3" coveredmethods="3" conditionals="0" coveredconditionals="0" statements="4" coveredstatements="4" elements="7" coveredelements="7"/>
    </file>
    <file name="/Users/danielclarke/Sites/http-eloquent/src/Types/Path.php">
      <class name="LaravelHttpEloquent\Types\Path" namespace="global">
        <metrics complexity="4" methods="3" coveredmethods="3" conditionals="0" coveredconditionals="0" statements="7" coveredstatements="7" elements="10" coveredelements="10"/>
      </class>
      <line num="12" type="method" name="addPart" visibility="public" complexity="1" crap="1" count="10"/>
      <line num="14" type="stmt" count="10"/>
      <line num="16" type="stmt" count="10"/>
      <line num="19" type="method" name="__call" visibility="public" complexity="2" crap="2" count="9"/>
      <line num="21" type="stmt" count="9"/>
      <line num="23" type="stmt" count="9"/>
      <line num="24" type="stmt" count="4"/>
      <line num="27" type="stmt" count="9"/>
      <line num="30" type="method" name="__toString" visibility="public" complexity="1" crap="1" count="11"/>
      <line num="32" type="stmt" count="11"/>
      <line num="34" type="stmt" count="1"/>
      <metrics loc="33" ncloc="30" classes="1" methods="3" coveredmethods="3" conditionals="0" coveredconditionals="0" statements="7" coveredstatements="7" elements="10" coveredelements="10"/>
    </file>
    <file name="/Users/danielclarke/Sites/http-eloquent/src/Types/Query.php">
      <class name="LaravelHttpEloquent\Types\Query" namespace="global">
        <metrics complexity="3" methods="3" coveredmethods="3" conditionals="0" coveredconditionals="0" statements="4" coveredstatements="4" elements="7" coveredelements="7"/>
      </class>
      <line num="12" type="method" name="where" visibility="public" complexity="1" crap="1" count="3"/>
      <line num="14" type="stmt" count="3"/>
      <line num="16" type="stmt" count="3"/>
      <line num="19" type="method" name="toArray" visibility="public" complexity="1" crap="1" count="6"/>
      <line num="21" type="stmt" count="6"/>
      <line num="24" type="method" name="__toString" visibility="public" complexity="1" crap="1" count="2"/>
      <line num="26" type="stmt" count="2"/>
      <line num="28" type="stmt" count="1"/>
      <metrics loc="27" ncloc="24" classes="1" methods="3" coveredmethods="3" conditionals="0" coveredconditionals="0" statements="4" coveredstatements="4" elements="7" coveredelements="7"/>
    </file>
    <file name="/Users/danielclarke/Sites/http-eloquent/src/Types/ServiceConfig.php">
      <class name="LaravelHttpEloquent\Types\ServiceConfig" namespace="global">
        <metrics complexity="3" methods="3" coveredmethods="3" conditionals="0" coveredconditionals="0" statements="5" coveredstatements="5" elements="8" coveredelements="8"/>
      </class>
      <line num="19" type="method" name="__construct" visibility="public" complexity="1" crap="1" count="15"/>
      <line num="23" type="stmt" count="15"/>
      <line num="24" type="stmt" count="15"/>
      <line num="25" type="stmt" count="15"/>
      <line num="27" type="method" name="getBaseUrl" visibility="public" complexity="1" crap="1" count="15"/>
      <line num="29" type="stmt" count="15"/>
      <line num="32" type="method" name="getModelMap" visibility="public" complexity="1" crap="1" count="15"/>
      <line num="34" type="stmt" count="15"/>
      <metrics loc="36" ncloc="30" classes="1" methods="3" coveredmethods="3" conditionals="0" coveredconditionals="0" statements="5" coveredstatements="5" elements="8" coveredelements="8"/>
    </file>
    <metrics files="12" loc="602" ncloc="521" classes="8" methods="48" coveredmethods="48" conditionals="0" coveredconditionals="0" statements="119" coveredstatements="119" elements="167" coveredelements="167"/>
  </project>
</coverage>
